<?xml version="1.0" encoding="UTF-8"?>
<!-- Generated by org.testng.reporters.JUnitReportReporter -->
<testsuite skipped="0" hostname="DESKTOP-6UH3T45" name="com.training.sanity.tests.FilterOrder" tests="2" failures="0" timestamp="2020-07-08T01:37:22 IST" time="41.837" errors="0">
  <testcase name="validLoginTest" time="2.619" classname="com.training.sanity.tests.FilterOrder"/>
  <system-out/>
  <testcase name="filterOrderTest" time="39.218" classname="com.training.sanity.tests.FilterOrder"/>
  <system-out/>
</testsuite> <!-- com.training.sanity.tests.FilterOrder -->
