<?xml version="1.0" encoding="UTF-8"?>
<!-- Generated by org.testng.reporters.JUnitReportReporter -->
<testsuite skipped="0" hostname="DESKTOP-6UH3T45" name="com.training.regression.tests.LoginDBTest" tests="3" failures="0" timestamp="2020-07-08T10:34:56 IST" time="40.832" errors="0">
  <testcase name="loginDBTest" time="13.071" classname="com.training.regression.tests.LoginDBTest"/>
  <system-out/>
  <testcase name="loginDBTest" time="13.826" classname="com.training.regression.tests.LoginDBTest"/>
  <system-out/>
  <testcase name="loginDBTest" time="13.935" classname="com.training.regression.tests.LoginDBTest"/>
  <system-out/>
</testsuite> <!-- com.training.regression.tests.LoginDBTest -->
