<?xml version="1.0" encoding="UTF-8"?>
<!-- Generated by org.testng.reporters.JUnitReportReporter -->
<testsuite skipped="0" hostname="DESKTOP-6UH3T45" name="com.training.sanity.tests.LoginTests" tests="1" failures="0" timestamp="2020-06-29T23:20:04 IST" time="23.402" errors="0">
  <testcase name="validLoginTest" time="23.402" classname="com.training.sanity.tests.LoginTests"/>
  <system-out/>
</testsuite> <!-- com.training.sanity.tests.LoginTests -->
