<?xml version="1.0" encoding="UTF-8"?>
<!-- Generated by org.testng.reporters.JUnitReportReporter -->
<testsuite skipped="0" hostname="DESKTOP-6UH3T45" name="com.training.sanity.tests.ReturnCart" tests="2" failures="0" timestamp="2020-07-02T11:39:03 IST" time="11.614" errors="0">
  <testcase name="validLoginTest" time="3.186" classname="com.training.sanity.tests.ReturnCart"/>
  <system-out/>
  <testcase name="ReturnOrderTest" time="8.428" classname="com.training.sanity.tests.ReturnCart"/>
  <system-out/>
</testsuite> <!-- com.training.sanity.tests.ReturnCart -->
