<?xml version="1.0" encoding="UTF-8"?>
<!-- Generated by org.testng.reporters.JUnitReportReporter -->
<testsuite skipped="0" hostname="DESKTOP-6UH3T45" name="com.training.sanity.tests.OrderDelete" tests="2" failures="0" timestamp="2020-06-30T10:58:19 IST" time="17.864" errors="0">
  <testcase name="validLoginTest" time="11.589" classname="com.training.sanity.tests.OrderDelete"/>
  <system-out/>
  <testcase name="VaildOrderDelete" time="6.275" classname="com.training.sanity.tests.OrderDelete"/>
  <system-out/>
</testsuite> <!-- com.training.sanity.tests.OrderDelete -->
