<?xml version="1.0" encoding="UTF-8"?>
<!-- Generated by org.testng.reporters.JUnitReportReporter -->
<testsuite skipped="0" hostname="DESKTOP-6UH3T45" name="com.training.sanity.tests.LoginTests" tests="1" failures="0" timestamp="2020-07-07T10:09:41 IST" time="15.898" errors="0">
  <testcase name="validLoginTest" time="15.898" classname="com.training.sanity.tests.LoginTests"/>
  <system-out/>
</testsuite> <!-- com.training.sanity.tests.LoginTests -->
