<?xml version="1.0" encoding="UTF-8"?>
<!-- Generated by org.testng.reporters.JUnitReportReporter -->
<testsuite skipped="0" hostname="DESKTOP-6UH3T45" name="com.training.sanity.tests.AddProduct" tests="2" failures="0" timestamp="2020-07-11T00:47:53 IST" time="40.754" errors="0">
  <testcase name="validLoginTest" time="4.455" classname="com.training.sanity.tests.AddProduct"/>
  <system-out/>
  <testcase name="addProductTest" time="36.299" classname="com.training.sanity.tests.AddProduct"/>
  <system-out/>
</testsuite> <!-- com.training.sanity.tests.AddProduct -->
